<?xml version="1.0" encoding="UTF-8"?>
<!-- Generated by org.testng.reporters.JUnitReportReporter -->
<testsuite hostname="Sandy" failures="0" tests="1" name="orangeHrm.com.Login" time="0.563" errors="0" timestamp="2024-05-10T16:03:58 IST" skipped="0">
  <testcase classname="orangeHrm.com.Login" name="loginOrange" time="0.563"/>
</testsuite> <!-- orangeHrm.com.Login -->
