<?xml version="1.0" encoding="UTF-8"?>
<!-- Generated by org.testng.reporters.JUnitReportReporter -->
<testsuite hostname="Sandy" failures="0" tests="1" name="orangeHrm.com.Login" time="9.408" errors="0" timestamp="2024-05-11T08:33:33 IST" skipped="0">
  <testcase classname="orangeHrm.com.Login" name="loginOrange" time="9.408"/>
</testsuite> <!-- orangeHrm.com.Login -->
