<?xml version="1.0" encoding="UTF-8"?>
<!-- Generated by org.testng.reporters.JUnitReportReporter -->
<testsuite hostname="Sandy" failures="0" tests="1" name="orangeHrm.com.Products" time="11.206" errors="0" timestamp="2024-05-11T08:13:41 IST" skipped="0">
  <testcase classname="orangeHrm.com.Products" name="productPage" time="11.206"/>
</testsuite> <!-- orangeHrm.com.Products -->
